[2025-01-12 15:13:29Z INFO HostContext] No proxy settings were found based on environmental variables (http_proxy/https_proxy/HTTP_PROXY/HTTPS_PROXY)
[2025-01-12 15:13:29Z INFO HostContext] Well known directory 'Bin': '/Users/pablostuardo/Workspace/Diplomado-DevSecOps/laboratorio-final-PS/actions-runner/bin'
[2025-01-12 15:13:29Z INFO HostContext] Well known directory 'Root': '/Users/pablostuardo/Workspace/Diplomado-DevSecOps/laboratorio-final-PS/actions-runner'
[2025-01-12 15:13:29Z INFO HostContext] Well known config file 'Credentials': '/Users/pablostuardo/Workspace/Diplomado-DevSecOps/laboratorio-final-PS/actions-runner/.credentials'
[2025-01-12 15:13:29Z INFO HostContext] Well known directory 'Bin': '/Users/pablostuardo/Workspace/Diplomado-DevSecOps/laboratorio-final-PS/actions-runner/bin'
[2025-01-12 15:13:29Z INFO HostContext] Well known directory 'Root': '/Users/pablostuardo/Workspace/Diplomado-DevSecOps/laboratorio-final-PS/actions-runner'
[2025-01-12 15:13:29Z INFO HostContext] Well known config file 'Runner': '/Users/pablostuardo/Workspace/Diplomado-DevSecOps/laboratorio-final-PS/actions-runner/.runner'
[2025-01-12 15:13:29Z INFO Listener] Runner is built for OSX (X64) - osx-x64.
[2025-01-12 15:13:29Z INFO Listener] RuntimeInformation: Darwin 23.3.0 Darwin Kernel Version 23.3.0: Wed Dec 20 21:30:44 PST 2023; root:xnu-10002.81.5~7/RELEASE_ARM64_T6000.
[2025-01-12 15:13:29Z INFO Listener] Version: 2.321.0
[2025-01-12 15:13:29Z INFO Listener] Commit: e249007931b7c8e857797fa259c167f0bd4f997a
[2025-01-12 15:13:29Z INFO Listener] Culture: en-CL
[2025-01-12 15:13:29Z INFO Listener] UI Culture: en-CL
[2025-01-12 15:13:29Z INFO HostContext] Well known directory 'Bin': '/Users/pablostuardo/Workspace/Diplomado-DevSecOps/laboratorio-final-PS/actions-runner/bin'
[2025-01-12 15:13:29Z INFO HostContext] Well known directory 'Root': '/Users/pablostuardo/Workspace/Diplomado-DevSecOps/laboratorio-final-PS/actions-runner'
[2025-01-12 15:13:29Z INFO Listener] Validating directory permissions for: '/Users/pablostuardo/Workspace/Diplomado-DevSecOps/laboratorio-final-PS/actions-runner'
[2025-01-12 15:13:29Z INFO CommandLineParser] Parse
[2025-01-12 15:13:29Z INFO CommandLineParser] Parsing 1 args
[2025-01-12 15:13:29Z INFO CommandLineParser] parsing argument
[2025-01-12 15:13:29Z INFO CommandLineParser] HasArgs: False
[2025-01-12 15:13:29Z INFO CommandLineParser] Adding Command: run
[2025-01-12 15:13:29Z INFO Listener] Arguments parsed
[2025-01-12 15:13:29Z INFO Runner] ExecuteCommand
[2025-01-12 15:13:29Z INFO ConfigurationStore] currentAssemblyLocation: /Users/pablostuardo/Workspace/Diplomado-DevSecOps/laboratorio-final-PS/actions-runner/bin/Runner.Listener.dll
[2025-01-12 15:13:29Z INFO HostContext] Well known directory 'Bin': '/Users/pablostuardo/Workspace/Diplomado-DevSecOps/laboratorio-final-PS/actions-runner/bin'
[2025-01-12 15:13:29Z INFO ConfigurationStore] binPath: /Users/pablostuardo/Workspace/Diplomado-DevSecOps/laboratorio-final-PS/actions-runner/bin
[2025-01-12 15:13:29Z INFO HostContext] Well known directory 'Bin': '/Users/pablostuardo/Workspace/Diplomado-DevSecOps/laboratorio-final-PS/actions-runner/bin'
[2025-01-12 15:13:29Z INFO HostContext] Well known directory 'Root': '/Users/pablostuardo/Workspace/Diplomado-DevSecOps/laboratorio-final-PS/actions-runner'
[2025-01-12 15:13:29Z INFO ConfigurationStore] RootFolder: /Users/pablostuardo/Workspace/Diplomado-DevSecOps/laboratorio-final-PS/actions-runner
[2025-01-12 15:13:29Z INFO HostContext] Well known directory 'Bin': '/Users/pablostuardo/Workspace/Diplomado-DevSecOps/laboratorio-final-PS/actions-runner/bin'
[2025-01-12 15:13:29Z INFO HostContext] Well known directory 'Root': '/Users/pablostuardo/Workspace/Diplomado-DevSecOps/laboratorio-final-PS/actions-runner'
[2025-01-12 15:13:29Z INFO HostContext] Well known config file 'Runner': '/Users/pablostuardo/Workspace/Diplomado-DevSecOps/laboratorio-final-PS/actions-runner/.runner'
[2025-01-12 15:13:29Z INFO ConfigurationStore] ConfigFilePath: /Users/pablostuardo/Workspace/Diplomado-DevSecOps/laboratorio-final-PS/actions-runner/.runner
[2025-01-12 15:13:29Z INFO HostContext] Well known directory 'Bin': '/Users/pablostuardo/Workspace/Diplomado-DevSecOps/laboratorio-final-PS/actions-runner/bin'
[2025-01-12 15:13:29Z INFO HostContext] Well known directory 'Root': '/Users/pablostuardo/Workspace/Diplomado-DevSecOps/laboratorio-final-PS/actions-runner'
[2025-01-12 15:13:29Z INFO HostContext] Well known config file 'Credentials': '/Users/pablostuardo/Workspace/Diplomado-DevSecOps/laboratorio-final-PS/actions-runner/.credentials'
[2025-01-12 15:13:29Z INFO ConfigurationStore] CredFilePath: /Users/pablostuardo/Workspace/Diplomado-DevSecOps/laboratorio-final-PS/actions-runner/.credentials
[2025-01-12 15:13:29Z INFO HostContext] Well known directory 'Bin': '/Users/pablostuardo/Workspace/Diplomado-DevSecOps/laboratorio-final-PS/actions-runner/bin'
[2025-01-12 15:13:29Z INFO HostContext] Well known directory 'Root': '/Users/pablostuardo/Workspace/Diplomado-DevSecOps/laboratorio-final-PS/actions-runner'
[2025-01-12 15:13:29Z INFO HostContext] Well known config file 'MigratedCredentials': '/Users/pablostuardo/Workspace/Diplomado-DevSecOps/laboratorio-final-PS/actions-runner/.credentials_migrated'
[2025-01-12 15:13:29Z INFO ConfigurationStore] MigratedCredFilePath: /Users/pablostuardo/Workspace/Diplomado-DevSecOps/laboratorio-final-PS/actions-runner/.credentials_migrated
[2025-01-12 15:13:29Z INFO HostContext] Well known directory 'Bin': '/Users/pablostuardo/Workspace/Diplomado-DevSecOps/laboratorio-final-PS/actions-runner/bin'
[2025-01-12 15:13:29Z INFO HostContext] Well known directory 'Root': '/Users/pablostuardo/Workspace/Diplomado-DevSecOps/laboratorio-final-PS/actions-runner'
[2025-01-12 15:13:29Z INFO HostContext] Well known config file 'Service': '/Users/pablostuardo/Workspace/Diplomado-DevSecOps/laboratorio-final-PS/actions-runner/.service'
[2025-01-12 15:13:29Z INFO ConfigurationStore] ServiceConfigFilePath: /Users/pablostuardo/Workspace/Diplomado-DevSecOps/laboratorio-final-PS/actions-runner/.service
[2025-01-12 15:13:29Z INFO CommandSettings] Flag 'help': 'False'
[2025-01-12 15:13:29Z INFO CommandSettings] Flag 'version': 'False'
[2025-01-12 15:13:29Z INFO CommandSettings] Flag 'commit': 'False'
[2025-01-12 15:13:29Z INFO CommandSettings] Flag 'check': 'False'
[2025-01-12 15:13:29Z INFO CommandSettings] Command 'configure': 'False'
[2025-01-12 15:13:29Z INFO CommandSettings] Command 'remove': 'False'
[2025-01-12 15:13:29Z INFO CommandSettings] Command 'warmup': 'False'
[2025-01-12 15:13:29Z INFO ConfigurationManager] LoadSettings
[2025-01-12 15:13:29Z INFO ConfigurationStore] IsConfigured()
[2025-01-12 15:13:29Z INFO ConfigurationStore] IsConfigured: True
[2025-01-12 15:13:29Z INFO ConfigurationManager] Is configured: True
[2025-01-12 15:13:29Z INFO ConfigurationStore] Read setting file: 323 chars
[2025-01-12 15:13:29Z INFO ConfigurationManager] Settings Loaded
[2025-01-12 15:13:29Z INFO ConfigurationStore] IsServiceConfigured()
[2025-01-12 15:13:29Z INFO ConfigurationStore] IsServiceConfigured: False
[2025-01-12 15:13:29Z INFO CommandSettings] Command 'run': 'True'
[2025-01-12 15:13:29Z INFO ConfigurationStore] IsConfigured()
[2025-01-12 15:13:29Z INFO ConfigurationStore] IsConfigured: True
[2025-01-12 15:13:29Z INFO ConfigurationManager] Is configured: True
[2025-01-12 15:13:29Z INFO Runner] Could not parse the argument value '' for StartupType. Defaulting to Manual
[2025-01-12 15:13:29Z INFO Runner] Set runner startup type - Manual
[2025-01-12 15:13:29Z INFO CommandSettings] Flag 'once': 'False'
[2025-01-12 15:13:29Z INFO CommandSettings] Flag 'once': 'False'
[2025-01-12 15:13:29Z INFO Runner] RunAsync
[2025-01-12 15:13:29Z INFO ConfigurationManager] LoadSettings
[2025-01-12 15:13:29Z INFO ConfigurationStore] IsConfigured()
[2025-01-12 15:13:29Z INFO ConfigurationStore] IsConfigured: True
[2025-01-12 15:13:29Z INFO ConfigurationManager] Is configured: True
[2025-01-12 15:13:29Z INFO ConfigurationManager] Settings Loaded
[2025-01-12 15:13:29Z INFO MessageListener] {
  "AgentId": 21,
  "AgentName": "MacBook-Pro-de-Pablo",
  "PoolId": 1,
  "PoolName": "Default",
  "ServerUrl": "https://pipelinesghubeus11.actions.githubusercontent.com/Mox6thhlMnbuYCnEwmpdPqWll7lnnjQkTL953HGh5qR4aY0GVJ/",
  "GitHubUrl": "https://github.com/DevSecOpsUsash/laboratorio-final-PS",
  "WorkFolder": "_work"
}
[2025-01-12 15:13:29Z INFO MessageListener] Loading Credentials
[2025-01-12 15:13:29Z INFO ConfigurationStore] HasCredentials()
[2025-01-12 15:13:29Z INFO ConfigurationStore] stored True
[2025-01-12 15:13:29Z INFO CredentialManager] GetCredentialProvider
[2025-01-12 15:13:29Z INFO CredentialManager] Creating type OAuth
[2025-01-12 15:13:29Z INFO CredentialManager] Creating credential type: OAuth
[2025-01-12 15:13:29Z INFO HostContext] Well known directory 'Bin': '/Users/pablostuardo/Workspace/Diplomado-DevSecOps/laboratorio-final-PS/actions-runner/bin'
[2025-01-12 15:13:29Z INFO HostContext] Well known directory 'Root': '/Users/pablostuardo/Workspace/Diplomado-DevSecOps/laboratorio-final-PS/actions-runner'
[2025-01-12 15:13:29Z INFO HostContext] Well known config file 'RSACredentials': '/Users/pablostuardo/Workspace/Diplomado-DevSecOps/laboratorio-final-PS/actions-runner/.credentials_rsaparams'
[2025-01-12 15:13:29Z INFO RSAFileKeyManager] Loading RSA key parameters from file /Users/pablostuardo/Workspace/Diplomado-DevSecOps/laboratorio-final-PS/actions-runner/.credentials_rsaparams
[2025-01-12 15:13:29Z INFO MessageListener] Attempt to create session.
[2025-01-12 15:13:29Z INFO MessageListener] Connecting to the Runner Server...
[2025-01-12 15:13:29Z INFO RunnerServer] EstablishVssConnection
[2025-01-12 15:13:29Z INFO RunnerServer] Establish connection with 100 seconds timeout.
[2025-01-12 15:13:29Z INFO GitHubActionsService] Starting operation Location.GetConnectionData
[2025-01-12 15:13:29Z INFO RunnerServer] EstablishVssConnection
[2025-01-12 15:13:29Z INFO RunnerServer] Establish connection with 60 seconds timeout.
[2025-01-12 15:13:29Z INFO GitHubActionsService] Starting operation Location.GetConnectionData
[2025-01-12 15:13:29Z INFO RunnerServer] EstablishVssConnection
[2025-01-12 15:13:29Z INFO RunnerServer] Establish connection with 60 seconds timeout.
[2025-01-12 15:13:29Z INFO GitHubActionsService] Starting operation Location.GetConnectionData
[2025-01-12 15:13:30Z INFO GitHubActionsService] Finished operation Location.GetConnectionData
[2025-01-12 15:13:30Z INFO GitHubActionsService] Finished operation Location.GetConnectionData
[2025-01-12 15:13:30Z INFO GitHubActionsService] Finished operation Location.GetConnectionData
[2025-01-12 15:13:30Z INFO MessageListener] VssConnection created
[2025-01-12 15:13:30Z INFO Terminal] WRITE LINE: 
[2025-01-12 15:13:30Z INFO Terminal] WRITE LINE: 
[2025-01-12 15:13:30Z INFO RSAFileKeyManager] Loading RSA key parameters from file /Users/pablostuardo/Workspace/Diplomado-DevSecOps/laboratorio-final-PS/actions-runner/.credentials_rsaparams
[2025-01-12 15:13:30Z INFO RSAFileKeyManager] Loading RSA key parameters from file /Users/pablostuardo/Workspace/Diplomado-DevSecOps/laboratorio-final-PS/actions-runner/.credentials_rsaparams
[2025-01-12 15:13:31Z INFO GitHubActionsService] AAD Correlation ID for this token request: Unknown
[2025-01-12 15:13:31Z INFO MessageListener] Session created.
[2025-01-12 15:13:31Z INFO Terminal] WRITE LINE: Current runner version: '2.321.0'
[2025-01-12 15:13:31Z INFO Terminal] WRITE LINE: 2025-01-12 15:13:31Z: Listening for Jobs
[2025-01-12 15:13:31Z INFO JobDispatcher] Set runner/worker IPC timeout to 30 seconds.
[2025-01-12 15:13:31Z INFO RSAFileKeyManager] Loading RSA key parameters from file /Users/pablostuardo/Workspace/Diplomado-DevSecOps/laboratorio-final-PS/actions-runner/.credentials_rsaparams
[2025-01-12 15:13:32Z INFO GitHubActionsService] AAD Correlation ID for this token request: Unknown
[2025-01-12 15:13:34Z INFO Terminal] WRITE LINE: Exiting...
[2025-01-12 15:13:34Z INFO ConfigurationStore] IsServiceConfigured()
[2025-01-12 15:13:34Z INFO ConfigurationStore] IsServiceConfigured: False
[2025-01-12 15:13:34Z INFO HostContext] Runner will be shutdown for UserCancelled
[2025-01-12 15:13:34Z WARN GitHubActionsService] GET request to https://broker.actions.githubusercontent.com/message?sessionId=60b97216-309d-45bb-b104-97948cb51576&status=Online&runnerVersion=2.321.0&os=macOS&architecture=X64&disableUpdate=false has been cancelled.
[2025-01-12 15:13:34Z ERR  BrokerServer] Catch exception during request
[2025-01-12 15:13:34Z ERR  BrokerServer] System.Threading.Tasks.TaskCanceledException: The operation was canceled.
 ---> System.Threading.Tasks.TaskCanceledException: The operation was canceled.
 ---> System.IO.IOException: The read operation failed, see inner exception.
 ---> System.ObjectDisposedException: Cannot access a disposed object.
Object name: 'System.Net.Sockets.NetworkStream'.
   at System.Net.Sockets.NetworkStream.ReadAsync(Memory`1 buffer, CancellationToken cancellationToken)
   at System.Net.Security.SslStream.EnsureFullTlsFrameAsync[TIOAdapter](CancellationToken cancellationToken, Int32 estimatedSize)
   at System.Runtime.CompilerServices.PoolingAsyncValueTaskMethodBuilder`1.StateMachineBox`1.System.Threading.Tasks.Sources.IValueTaskSource<TResult>.GetResult(Int16 token)
   at System.Net.Security.SslStream.ReadAsyncInternal[TIOAdapter](Memory`1 buffer, CancellationToken cancellationToken)
   --- End of inner exception stack trace ---
   at System.Net.Security.SslStream.ReadAsyncInternal[TIOAdapter](Memory`1 buffer, CancellationToken cancellationToken)
   at System.Runtime.CompilerServices.PoolingAsyncValueTaskMethodBuilder`1.StateMachineBox`1.System.Threading.Tasks.Sources.IValueTaskSource<TResult>.GetResult(Int16 token)
   at System.Net.Http.HttpConnection.InitialFillAsync(Boolean async)
   at System.Net.Http.HttpConnection.SendAsync(HttpRequestMessage request, Boolean async, CancellationToken cancellationToken)
   --- End of inner exception stack trace ---
   at System.Net.Http.HttpConnection.SendAsync(HttpRequestMessage request, Boolean async, CancellationToken cancellationToken)
   at System.Net.Http.AuthenticationHelper.SendWithNtAuthAsync(HttpRequestMessage request, Uri authUri, Boolean async, ICredentials credentials, Boolean isProxyAuth, HttpConnection connection, HttpConnectionPool connectionPool, CancellationToken cancellationToken)
   at System.Net.Http.HttpConnectionPool.SendWithVersionDetectionAndRetryAsync(HttpRequestMessage request, Boolean async, Boolean doRequestAuth, CancellationToken cancellationToken)
   at System.Net.Http.AuthenticationHelper.SendWithAuthAsync(HttpRequestMessage request, Uri authUri, Boolean async, ICredentials credentials, Boolean preAuthenticate, Boolean isProxyAuth, Boolean doRequestAuth, HttpConnectionPool pool, CancellationToken cancellationToken)
   at System.Net.Http.RedirectHandler.SendAsync(HttpRequestMessage request, Boolean async, CancellationToken cancellationToken)
   at GitHub.Services.Common.RawHttpMessageHandler.SendAsync(HttpRequestMessage request, CancellationToken cancellationToken)
   at GitHub.Services.Common.VssHttpRetryMessageHandler.SendAsync(HttpRequestMessage request, CancellationToken cancellationToken)
   at System.Net.Http.HttpClient.<SendAsync>g__Core|83_0(HttpRequestMessage request, HttpCompletionOption completionOption, CancellationTokenSource cts, Boolean disposeCts, CancellationTokenSource pendingRequestsCts, CancellationToken originalCancellationToken)
   --- End of inner exception stack trace ---
   at System.Net.Http.HttpClient.HandleFailure(Exception e, Boolean telemetryStarted, HttpResponseMessage response, CancellationTokenSource cts, CancellationToken cancellationToken, CancellationTokenSource pendingRequestsCts)
   at System.Net.Http.HttpClient.<SendAsync>g__Core|83_0(HttpRequestMessage request, HttpCompletionOption completionOption, CancellationTokenSource cts, Boolean disposeCts, CancellationTokenSource pendingRequestsCts, CancellationToken originalCancellationToken)
   at Sdk.WebApi.WebApi.RawHttpClientBase.SendAsync(HttpRequestMessage message, HttpCompletionOption completionOption, Object userState, CancellationToken cancellationToken)
   at Sdk.WebApi.WebApi.RawHttpClientBase.SendAsync[T](HttpRequestMessage message, Boolean readErrorBody, Object userState, CancellationToken cancellationToken)
   at Sdk.WebApi.WebApi.RawHttpClientBase.SendAsync[T](HttpMethod method, IEnumerable`1 additionalHeaders, Uri requestUri, HttpContent content, IEnumerable`1 queryParameters, Boolean readErrorBody, Object userState, CancellationToken cancellationToken)
   at GitHub.Actions.RunService.WebApi.BrokerHttpClient.GetRunnerMessageAsync(Nullable`1 sessionId, String runnerVersion, Nullable`1 status, String os, String architecture, Nullable`1 disableUpdate, CancellationToken cancellationToken)
   at GitHub.Runner.Common.BrokerServer.<>c__DisplayClass7_0.<<GetRunnerMessageAsync>b__0>d.MoveNext()
--- End of stack trace from previous location ---
   at GitHub.Runner.Common.RunnerService.RetryRequest[T](Func`1 func, CancellationToken cancellationToken, Int32 maxRetryAttemptsCount, Func`2 shouldRetry)
[2025-01-12 15:13:34Z ERR  BrokerServer] #####################################################
[2025-01-12 15:13:34Z ERR  BrokerServer] System.Threading.Tasks.TaskCanceledException: The operation was canceled.
 ---> System.IO.IOException: The read operation failed, see inner exception.
 ---> System.ObjectDisposedException: Cannot access a disposed object.
Object name: 'System.Net.Sockets.NetworkStream'.
   at System.Net.Sockets.NetworkStream.ReadAsync(Memory`1 buffer, CancellationToken cancellationToken)
   at System.Net.Security.SslStream.EnsureFullTlsFrameAsync[TIOAdapter](CancellationToken cancellationToken, Int32 estimatedSize)
   at System.Runtime.CompilerServices.PoolingAsyncValueTaskMethodBuilder`1.StateMachineBox`1.System.Threading.Tasks.Sources.IValueTaskSource<TResult>.GetResult(Int16 token)
   at System.Net.Security.SslStream.ReadAsyncInternal[TIOAdapter](Memory`1 buffer, CancellationToken cancellationToken)
   --- End of inner exception stack trace ---
   at System.Net.Security.SslStream.ReadAsyncInternal[TIOAdapter](Memory`1 buffer, CancellationToken cancellationToken)
   at System.Runtime.CompilerServices.PoolingAsyncValueTaskMethodBuilder`1.StateMachineBox`1.System.Threading.Tasks.Sources.IValueTaskSource<TResult>.GetResult(Int16 token)
   at System.Net.Http.HttpConnection.InitialFillAsync(Boolean async)
   at System.Net.Http.HttpConnection.SendAsync(HttpRequestMessage request, Boolean async, CancellationToken cancellationToken)
   --- End of inner exception stack trace ---
   at System.Net.Http.HttpConnection.SendAsync(HttpRequestMessage request, Boolean async, CancellationToken cancellationToken)
   at System.Net.Http.AuthenticationHelper.SendWithNtAuthAsync(HttpRequestMessage request, Uri authUri, Boolean async, ICredentials credentials, Boolean isProxyAuth, HttpConnection connection, HttpConnectionPool connectionPool, CancellationToken cancellationToken)
   at System.Net.Http.HttpConnectionPool.SendWithVersionDetectionAndRetryAsync(HttpRequestMessage request, Boolean async, Boolean doRequestAuth, CancellationToken cancellationToken)
   at System.Net.Http.AuthenticationHelper.SendWithAuthAsync(HttpRequestMessage request, Uri authUri, Boolean async, ICredentials credentials, Boolean preAuthenticate, Boolean isProxyAuth, Boolean doRequestAuth, HttpConnectionPool pool, CancellationToken cancellationToken)
   at System.Net.Http.RedirectHandler.SendAsync(HttpRequestMessage request, Boolean async, CancellationToken cancellationToken)
   at GitHub.Services.Common.RawHttpMessageHandler.SendAsync(HttpRequestMessage request, CancellationToken cancellationToken)
   at GitHub.Services.Common.VssHttpRetryMessageHandler.SendAsync(HttpRequestMessage request, CancellationToken cancellationToken)
   at System.Net.Http.HttpClient.<SendAsync>g__Core|83_0(HttpRequestMessage request, HttpCompletionOption completionOption, CancellationTokenSource cts, Boolean disposeCts, CancellationTokenSource pendingRequestsCts, CancellationToken originalCancellationToken)
[2025-01-12 15:13:34Z ERR  BrokerServer] #####################################################
[2025-01-12 15:13:34Z ERR  BrokerServer] System.IO.IOException: The read operation failed, see inner exception.
 ---> System.ObjectDisposedException: Cannot access a disposed object.
Object name: 'System.Net.Sockets.NetworkStream'.
   at System.Net.Sockets.NetworkStream.ReadAsync(Memory`1 buffer, CancellationToken cancellationToken)
   at System.Net.Security.SslStream.EnsureFullTlsFrameAsync[TIOAdapter](CancellationToken cancellationToken, Int32 estimatedSize)
   at System.Runtime.CompilerServices.PoolingAsyncValueTaskMethodBuilder`1.StateMachineBox`1.System.Threading.Tasks.Sources.IValueTaskSource<TResult>.GetResult(Int16 token)
   at System.Net.Security.SslStream.ReadAsyncInternal[TIOAdapter](Memory`1 buffer, CancellationToken cancellationToken)
   --- End of inner exception stack trace ---
   at System.Net.Security.SslStream.ReadAsyncInternal[TIOAdapter](Memory`1 buffer, CancellationToken cancellationToken)
   at System.Runtime.CompilerServices.PoolingAsyncValueTaskMethodBuilder`1.StateMachineBox`1.System.Threading.Tasks.Sources.IValueTaskSource<TResult>.GetResult(Int16 token)
   at System.Net.Http.HttpConnection.InitialFillAsync(Boolean async)
   at System.Net.Http.HttpConnection.SendAsync(HttpRequestMessage request, Boolean async, CancellationToken cancellationToken)
[2025-01-12 15:13:34Z ERR  BrokerServer] #####################################################
[2025-01-12 15:13:34Z ERR  BrokerServer] System.ObjectDisposedException: Cannot access a disposed object.
Object name: 'System.Net.Sockets.NetworkStream'.
   at System.Net.Sockets.NetworkStream.ReadAsync(Memory`1 buffer, CancellationToken cancellationToken)
   at System.Net.Security.SslStream.EnsureFullTlsFrameAsync[TIOAdapter](CancellationToken cancellationToken, Int32 estimatedSize)
   at System.Runtime.CompilerServices.PoolingAsyncValueTaskMethodBuilder`1.StateMachineBox`1.System.Threading.Tasks.Sources.IValueTaskSource<TResult>.GetResult(Int16 token)
   at System.Net.Security.SslStream.ReadAsyncInternal[TIOAdapter](Memory`1 buffer, CancellationToken cancellationToken)
[2025-01-12 15:13:34Z WARN BrokerServer] Back off 5,762 seconds before next retry. 4 attempt left.
[2025-01-12 15:13:34Z INFO MessageListener] Get next message has been cancelled.
[2025-01-12 15:13:34Z INFO JobDispatcher] Shutting down JobDispatcher. Make sure all WorkerDispatcher has finished.
[2025-01-12 15:13:34Z INFO Runner] Deleting Runner Session...
[2025-01-12 15:13:34Z INFO Listener] Runner execution been cancelled.
