[2025-01-12 14:54:23Z INFO HostContext] No proxy settings were found based on environmental variables (http_proxy/https_proxy/HTTP_PROXY/HTTPS_PROXY)
[2025-01-12 14:54:23Z INFO HostContext] Well known directory 'Bin': '/Users/pablostuardo/Workspace/Diplomado-DevSecOps/laboratorio-final-PS/actions-runner/bin'
[2025-01-12 14:54:23Z INFO HostContext] Well known directory 'Root': '/Users/pablostuardo/Workspace/Diplomado-DevSecOps/laboratorio-final-PS/actions-runner'
[2025-01-12 14:54:23Z INFO HostContext] Well known config file 'Credentials': '/Users/pablostuardo/Workspace/Diplomado-DevSecOps/laboratorio-final-PS/actions-runner/.credentials'
[2025-01-12 14:54:23Z INFO HostContext] Well known directory 'Bin': '/Users/pablostuardo/Workspace/Diplomado-DevSecOps/laboratorio-final-PS/actions-runner/bin'
[2025-01-12 14:54:23Z INFO HostContext] Well known directory 'Root': '/Users/pablostuardo/Workspace/Diplomado-DevSecOps/laboratorio-final-PS/actions-runner'
[2025-01-12 14:54:23Z INFO HostContext] Well known config file 'Runner': '/Users/pablostuardo/Workspace/Diplomado-DevSecOps/laboratorio-final-PS/actions-runner/.runner'
[2025-01-12 14:54:23Z INFO Listener] Runner is built for OSX (X64) - osx-x64.
[2025-01-12 14:54:23Z INFO Listener] RuntimeInformation: Darwin 23.3.0 Darwin Kernel Version 23.3.0: Wed Dec 20 21:30:44 PST 2023; root:xnu-10002.81.5~7/RELEASE_ARM64_T6000.
[2025-01-12 14:54:23Z INFO Listener] Version: 2.321.0
[2025-01-12 14:54:23Z INFO Listener] Commit: e249007931b7c8e857797fa259c167f0bd4f997a
[2025-01-12 14:54:23Z INFO Listener] Culture: en-CL
[2025-01-12 14:54:23Z INFO Listener] UI Culture: en-CL
[2025-01-12 14:54:23Z INFO HostContext] Well known directory 'Bin': '/Users/pablostuardo/Workspace/Diplomado-DevSecOps/laboratorio-final-PS/actions-runner/bin'
[2025-01-12 14:54:23Z INFO HostContext] Well known directory 'Root': '/Users/pablostuardo/Workspace/Diplomado-DevSecOps/laboratorio-final-PS/actions-runner'
[2025-01-12 14:54:23Z INFO Listener] Validating directory permissions for: '/Users/pablostuardo/Workspace/Diplomado-DevSecOps/laboratorio-final-PS/actions-runner'
[2025-01-12 14:54:23Z INFO CommandLineParser] Parse
[2025-01-12 14:54:23Z INFO CommandLineParser] Parsing 1 args
[2025-01-12 14:54:23Z INFO CommandLineParser] parsing argument
[2025-01-12 14:54:23Z INFO CommandLineParser] HasArgs: False
[2025-01-12 14:54:23Z INFO CommandLineParser] Adding Command: run
[2025-01-12 14:54:23Z INFO Listener] Arguments parsed
[2025-01-12 14:54:23Z INFO Runner] ExecuteCommand
[2025-01-12 14:54:23Z INFO ConfigurationStore] currentAssemblyLocation: /Users/pablostuardo/Workspace/Diplomado-DevSecOps/laboratorio-final-PS/actions-runner/bin/Runner.Listener.dll
[2025-01-12 14:54:23Z INFO HostContext] Well known directory 'Bin': '/Users/pablostuardo/Workspace/Diplomado-DevSecOps/laboratorio-final-PS/actions-runner/bin'
[2025-01-12 14:54:23Z INFO ConfigurationStore] binPath: /Users/pablostuardo/Workspace/Diplomado-DevSecOps/laboratorio-final-PS/actions-runner/bin
[2025-01-12 14:54:23Z INFO HostContext] Well known directory 'Bin': '/Users/pablostuardo/Workspace/Diplomado-DevSecOps/laboratorio-final-PS/actions-runner/bin'
[2025-01-12 14:54:23Z INFO HostContext] Well known directory 'Root': '/Users/pablostuardo/Workspace/Diplomado-DevSecOps/laboratorio-final-PS/actions-runner'
[2025-01-12 14:54:23Z INFO ConfigurationStore] RootFolder: /Users/pablostuardo/Workspace/Diplomado-DevSecOps/laboratorio-final-PS/actions-runner
[2025-01-12 14:54:23Z INFO HostContext] Well known directory 'Bin': '/Users/pablostuardo/Workspace/Diplomado-DevSecOps/laboratorio-final-PS/actions-runner/bin'
[2025-01-12 14:54:23Z INFO HostContext] Well known directory 'Root': '/Users/pablostuardo/Workspace/Diplomado-DevSecOps/laboratorio-final-PS/actions-runner'
[2025-01-12 14:54:23Z INFO HostContext] Well known config file 'Runner': '/Users/pablostuardo/Workspace/Diplomado-DevSecOps/laboratorio-final-PS/actions-runner/.runner'
[2025-01-12 14:54:23Z INFO ConfigurationStore] ConfigFilePath: /Users/pablostuardo/Workspace/Diplomado-DevSecOps/laboratorio-final-PS/actions-runner/.runner
[2025-01-12 14:54:23Z INFO HostContext] Well known directory 'Bin': '/Users/pablostuardo/Workspace/Diplomado-DevSecOps/laboratorio-final-PS/actions-runner/bin'
[2025-01-12 14:54:23Z INFO HostContext] Well known directory 'Root': '/Users/pablostuardo/Workspace/Diplomado-DevSecOps/laboratorio-final-PS/actions-runner'
[2025-01-12 14:54:23Z INFO HostContext] Well known config file 'Credentials': '/Users/pablostuardo/Workspace/Diplomado-DevSecOps/laboratorio-final-PS/actions-runner/.credentials'
[2025-01-12 14:54:23Z INFO ConfigurationStore] CredFilePath: /Users/pablostuardo/Workspace/Diplomado-DevSecOps/laboratorio-final-PS/actions-runner/.credentials
[2025-01-12 14:54:23Z INFO HostContext] Well known directory 'Bin': '/Users/pablostuardo/Workspace/Diplomado-DevSecOps/laboratorio-final-PS/actions-runner/bin'
[2025-01-12 14:54:23Z INFO HostContext] Well known directory 'Root': '/Users/pablostuardo/Workspace/Diplomado-DevSecOps/laboratorio-final-PS/actions-runner'
[2025-01-12 14:54:23Z INFO HostContext] Well known config file 'MigratedCredentials': '/Users/pablostuardo/Workspace/Diplomado-DevSecOps/laboratorio-final-PS/actions-runner/.credentials_migrated'
[2025-01-12 14:54:23Z INFO ConfigurationStore] MigratedCredFilePath: /Users/pablostuardo/Workspace/Diplomado-DevSecOps/laboratorio-final-PS/actions-runner/.credentials_migrated
[2025-01-12 14:54:23Z INFO HostContext] Well known directory 'Bin': '/Users/pablostuardo/Workspace/Diplomado-DevSecOps/laboratorio-final-PS/actions-runner/bin'
[2025-01-12 14:54:23Z INFO HostContext] Well known directory 'Root': '/Users/pablostuardo/Workspace/Diplomado-DevSecOps/laboratorio-final-PS/actions-runner'
[2025-01-12 14:54:23Z INFO HostContext] Well known config file 'Service': '/Users/pablostuardo/Workspace/Diplomado-DevSecOps/laboratorio-final-PS/actions-runner/.service'
[2025-01-12 14:54:23Z INFO ConfigurationStore] ServiceConfigFilePath: /Users/pablostuardo/Workspace/Diplomado-DevSecOps/laboratorio-final-PS/actions-runner/.service
[2025-01-12 14:54:23Z INFO CommandSettings] Flag 'help': 'False'
[2025-01-12 14:54:23Z INFO CommandSettings] Flag 'version': 'False'
[2025-01-12 14:54:23Z INFO CommandSettings] Flag 'commit': 'False'
[2025-01-12 14:54:23Z INFO CommandSettings] Flag 'check': 'False'
[2025-01-12 14:54:23Z INFO CommandSettings] Command 'configure': 'False'
[2025-01-12 14:54:23Z INFO CommandSettings] Command 'remove': 'False'
[2025-01-12 14:54:23Z INFO CommandSettings] Command 'warmup': 'False'
[2025-01-12 14:54:23Z INFO ConfigurationManager] LoadSettings
[2025-01-12 14:54:23Z INFO ConfigurationStore] IsConfigured()
[2025-01-12 14:54:23Z INFO ConfigurationStore] IsConfigured: True
[2025-01-12 14:54:23Z INFO ConfigurationManager] Is configured: True
[2025-01-12 14:54:23Z INFO ConfigurationStore] Read setting file: 323 chars
[2025-01-12 14:54:23Z INFO ConfigurationManager] Settings Loaded
[2025-01-12 14:54:23Z INFO ConfigurationStore] IsServiceConfigured()
[2025-01-12 14:54:23Z INFO ConfigurationStore] IsServiceConfigured: False
[2025-01-12 14:54:23Z INFO CommandSettings] Command 'run': 'True'
[2025-01-12 14:54:23Z INFO ConfigurationStore] IsConfigured()
[2025-01-12 14:54:23Z INFO ConfigurationStore] IsConfigured: True
[2025-01-12 14:54:23Z INFO ConfigurationManager] Is configured: True
[2025-01-12 14:54:23Z INFO Runner] Could not parse the argument value '' for StartupType. Defaulting to Manual
[2025-01-12 14:54:23Z INFO Runner] Set runner startup type - Manual
[2025-01-12 14:54:23Z INFO CommandSettings] Flag 'once': 'False'
[2025-01-12 14:54:23Z INFO CommandSettings] Flag 'once': 'False'
[2025-01-12 14:54:23Z INFO Runner] RunAsync
[2025-01-12 14:54:23Z INFO ConfigurationManager] LoadSettings
[2025-01-12 14:54:23Z INFO ConfigurationStore] IsConfigured()
[2025-01-12 14:54:23Z INFO ConfigurationStore] IsConfigured: True
[2025-01-12 14:54:23Z INFO ConfigurationManager] Is configured: True
[2025-01-12 14:54:23Z INFO ConfigurationManager] Settings Loaded
[2025-01-12 14:54:23Z INFO MessageListener] {
  "AgentId": 21,
  "AgentName": "MacBook-Pro-de-Pablo",
  "PoolId": 1,
  "PoolName": "Default",
  "ServerUrl": "https://pipelinesghubeus11.actions.githubusercontent.com/Mox6thhlMnbuYCnEwmpdPqWll7lnnjQkTL953HGh5qR4aY0GVJ/",
  "GitHubUrl": "https://github.com/DevSecOpsUsash/laboratorio-final-PS",
  "WorkFolder": "_work"
}
[2025-01-12 14:54:23Z INFO MessageListener] Loading Credentials
[2025-01-12 14:54:23Z INFO ConfigurationStore] HasCredentials()
[2025-01-12 14:54:23Z INFO ConfigurationStore] stored True
[2025-01-12 14:54:23Z INFO CredentialManager] GetCredentialProvider
[2025-01-12 14:54:23Z INFO CredentialManager] Creating type OAuth
[2025-01-12 14:54:23Z INFO CredentialManager] Creating credential type: OAuth
[2025-01-12 14:54:23Z INFO HostContext] Well known directory 'Bin': '/Users/pablostuardo/Workspace/Diplomado-DevSecOps/laboratorio-final-PS/actions-runner/bin'
[2025-01-12 14:54:23Z INFO HostContext] Well known directory 'Root': '/Users/pablostuardo/Workspace/Diplomado-DevSecOps/laboratorio-final-PS/actions-runner'
[2025-01-12 14:54:23Z INFO HostContext] Well known config file 'RSACredentials': '/Users/pablostuardo/Workspace/Diplomado-DevSecOps/laboratorio-final-PS/actions-runner/.credentials_rsaparams'
[2025-01-12 14:54:23Z INFO RSAFileKeyManager] Loading RSA key parameters from file /Users/pablostuardo/Workspace/Diplomado-DevSecOps/laboratorio-final-PS/actions-runner/.credentials_rsaparams
[2025-01-12 14:54:23Z INFO MessageListener] Attempt to create session.
[2025-01-12 14:54:23Z INFO MessageListener] Connecting to the Runner Server...
[2025-01-12 14:54:23Z INFO RunnerServer] EstablishVssConnection
[2025-01-12 14:54:23Z INFO RunnerServer] Establish connection with 100 seconds timeout.
[2025-01-12 14:54:23Z INFO GitHubActionsService] Starting operation Location.GetConnectionData
[2025-01-12 14:54:23Z INFO RunnerServer] EstablishVssConnection
[2025-01-12 14:54:23Z INFO RunnerServer] Establish connection with 60 seconds timeout.
[2025-01-12 14:54:23Z INFO GitHubActionsService] Starting operation Location.GetConnectionData
[2025-01-12 14:54:23Z INFO RunnerServer] EstablishVssConnection
[2025-01-12 14:54:23Z INFO RunnerServer] Establish connection with 60 seconds timeout.
[2025-01-12 14:54:23Z INFO GitHubActionsService] Starting operation Location.GetConnectionData
[2025-01-12 14:54:24Z INFO GitHubActionsService] Finished operation Location.GetConnectionData
[2025-01-12 14:54:24Z INFO GitHubActionsService] Finished operation Location.GetConnectionData
[2025-01-12 14:54:24Z INFO GitHubActionsService] Finished operation Location.GetConnectionData
[2025-01-12 14:54:24Z INFO MessageListener] VssConnection created
[2025-01-12 14:54:24Z INFO Terminal] WRITE LINE: 
[2025-01-12 14:54:24Z INFO Terminal] WRITE LINE: 
[2025-01-12 14:54:24Z INFO RSAFileKeyManager] Loading RSA key parameters from file /Users/pablostuardo/Workspace/Diplomado-DevSecOps/laboratorio-final-PS/actions-runner/.credentials_rsaparams
[2025-01-12 14:54:24Z INFO RSAFileKeyManager] Loading RSA key parameters from file /Users/pablostuardo/Workspace/Diplomado-DevSecOps/laboratorio-final-PS/actions-runner/.credentials_rsaparams
[2025-01-12 14:54:25Z INFO GitHubActionsService] AAD Correlation ID for this token request: Unknown
[2025-01-12 14:54:25Z INFO MessageListener] Session created.
[2025-01-12 14:54:25Z INFO Terminal] WRITE LINE: Current runner version: '2.321.0'
[2025-01-12 14:54:25Z INFO Terminal] WRITE LINE: 2025-01-12 14:54:25Z: Listening for Jobs
[2025-01-12 14:54:25Z INFO JobDispatcher] Set runner/worker IPC timeout to 30 seconds.
[2025-01-12 14:54:25Z INFO RSAFileKeyManager] Loading RSA key parameters from file /Users/pablostuardo/Workspace/Diplomado-DevSecOps/laboratorio-final-PS/actions-runner/.credentials_rsaparams
[2025-01-12 14:54:26Z INFO GitHubActionsService] AAD Correlation ID for this token request: Unknown
[2025-01-12 14:55:00Z INFO MessageListener] Message '7048420212272280090' received from session 'bf8d45e5-eb6c-4d33-81fa-6735dee0edaf'.
[2025-01-12 14:55:00Z INFO ConfigurationStore] HasCredentials()
[2025-01-12 14:55:00Z INFO ConfigurationStore] stored True
[2025-01-12 14:55:00Z INFO CredentialManager] GetCredentialProvider
[2025-01-12 14:55:00Z INFO CredentialManager] Creating type OAuth
[2025-01-12 14:55:00Z INFO CredentialManager] Creating credential type: OAuth
[2025-01-12 14:55:00Z INFO RSAFileKeyManager] Loading RSA key parameters from file /Users/pablostuardo/Workspace/Diplomado-DevSecOps/laboratorio-final-PS/actions-runner/.credentials_rsaparams
[2025-01-12 14:55:00Z INFO ActionsRunServer] EstablishVssConnection
[2025-01-12 14:55:00Z INFO ActionsRunServer] Establish connection with 100 seconds timeout.
[2025-01-12 14:55:00Z INFO GitHubActionsService] Starting operation Location.GetConnectionData
[2025-01-12 14:55:01Z INFO GitHubActionsService] Finished operation Location.GetConnectionData
[2025-01-12 14:55:01Z INFO RSAFileKeyManager] Loading RSA key parameters from file /Users/pablostuardo/Workspace/Diplomado-DevSecOps/laboratorio-final-PS/actions-runner/.credentials_rsaparams
[2025-01-12 14:55:01Z INFO RSAFileKeyManager] Loading RSA key parameters from file /Users/pablostuardo/Workspace/Diplomado-DevSecOps/laboratorio-final-PS/actions-runner/.credentials_rsaparams
[2025-01-12 14:55:02Z INFO GitHubActionsService] AAD Correlation ID for this token request: Unknown
[2025-01-12 14:55:02Z INFO JobDispatcher] Job request 187 for plan 98ff3d05-fb74-4426-a165-37a58d33caea job f0b989ea-4eca-54c3-fcdc-2f3daac7f42a received.
[2025-01-12 14:55:02Z INFO JobDispatcher] Pull OrchestrationId 98ff3d05-fb74-4426-a165-37a58d33caea.docker-run.__default from JWT claims
[2025-01-12 14:55:02Z INFO MessageListener] Received job status event. JobState: Busy
[2025-01-12 14:55:02Z INFO MessageListener] _getMessagesTokenSource is already disposed.
[2025-01-12 14:55:02Z INFO Terminal] WRITE LINE: 2025-01-12 14:55:02Z: Running job: docker-run
[2025-01-12 14:55:02Z INFO JobDispatcher] Start renew job request 187 for job f0b989ea-4eca-54c3-fcdc-2f3daac7f42a.
[2025-01-12 14:55:02Z INFO JobDispatcher] Successfully renew job request 187, job is valid till 12-01-2025 15:05:02
[2025-01-12 14:55:02Z INFO HostContext] Well known directory 'Bin': '/Users/pablostuardo/Workspace/Diplomado-DevSecOps/laboratorio-final-PS/actions-runner/bin'
[2025-01-12 14:55:02Z INFO ProcessInvokerWrapper] Starting process:
[2025-01-12 14:55:02Z INFO ProcessInvokerWrapper]   File name: '/Users/pablostuardo/Workspace/Diplomado-DevSecOps/laboratorio-final-PS/actions-runner/bin/Runner.Worker'
[2025-01-12 14:55:02Z INFO ProcessInvokerWrapper]   Arguments: 'spawnclient 149 152'
[2025-01-12 14:55:02Z INFO ProcessInvokerWrapper]   Working directory: '/Users/pablostuardo/Workspace/Diplomado-DevSecOps/laboratorio-final-PS/actions-runner/bin'
[2025-01-12 14:55:02Z INFO ProcessInvokerWrapper]   Require exit code zero: 'False'
[2025-01-12 14:55:02Z INFO ProcessInvokerWrapper]   Encoding web name:  ; code page: ''
[2025-01-12 14:55:02Z INFO ProcessInvokerWrapper]   Force kill process on cancellation: 'True'
[2025-01-12 14:55:02Z INFO ProcessInvokerWrapper]   Redirected STDIN: 'False'
[2025-01-12 14:55:02Z INFO ProcessInvokerWrapper]   Persist current code page: 'False'
[2025-01-12 14:55:02Z INFO ProcessInvokerWrapper]   Keep redirected STDIN open: 'False'
[2025-01-12 14:55:02Z INFO ProcessInvokerWrapper]   High priority process: 'True'
[2025-01-12 14:55:02Z INFO ProcessInvokerWrapper] Process started with process id 6946, waiting for process exit.
[2025-01-12 14:55:02Z INFO JobDispatcher] Send job request message to worker for job f0b989ea-4eca-54c3-fcdc-2f3daac7f42a.
[2025-01-12 14:55:02Z INFO ProcessChannel] Sending message of length 27574, with hash '27d5f41d75a3f5c28741823e88029795b2ee114d471c3b2c9e747312015630e4'
[2025-01-12 14:55:02Z INFO JobNotification] Entering JobStarted Notification
[2025-01-12 14:55:02Z INFO JobNotification] Entering StartMonitor
[2025-01-12 14:55:37Z INFO ProcessInvokerWrapper] STDOUT/STDERR stream read finished.
[2025-01-12 14:55:37Z INFO ProcessInvokerWrapper] STDOUT/STDERR stream read finished.
[2025-01-12 14:55:37Z INFO ProcessInvokerWrapper] Finished process 6946 with exit code 102, and elapsed time 00:00:34.7156975.
[2025-01-12 14:55:37Z INFO JobDispatcher] Worker finished for job f0b989ea-4eca-54c3-fcdc-2f3daac7f42a. Code: 102
[2025-01-12 14:55:37Z INFO JobDispatcher] finish job request for job f0b989ea-4eca-54c3-fcdc-2f3daac7f42a with result: Failed
[2025-01-12 14:55:37Z INFO Terminal] WRITE LINE: 2025-01-12 14:55:37Z: Job docker-run completed with result: Failed
[2025-01-12 14:55:37Z INFO JobDispatcher] Stop renew job request for job f0b989ea-4eca-54c3-fcdc-2f3daac7f42a.
[2025-01-12 14:55:37Z INFO JobDispatcher] job renew has been cancelled, stop renew job request 187.
[2025-01-12 14:55:37Z INFO JobNotification] Entering JobCompleted Notification
[2025-01-12 14:55:37Z INFO JobNotification] Entering EndMonitor
[2025-01-12 14:55:37Z INFO MessageListener] Received job status event. JobState: Online
[2025-01-12 14:59:37Z INFO MessageListener] Message '7141919092691084203' received from session 'bf8d45e5-eb6c-4d33-81fa-6735dee0edaf'.
[2025-01-12 14:59:37Z INFO ConfigurationStore] HasCredentials()
[2025-01-12 14:59:37Z INFO ConfigurationStore] stored True
[2025-01-12 14:59:37Z INFO CredentialManager] GetCredentialProvider
[2025-01-12 14:59:37Z INFO CredentialManager] Creating type OAuth
[2025-01-12 14:59:37Z INFO CredentialManager] Creating credential type: OAuth
[2025-01-12 14:59:37Z INFO RSAFileKeyManager] Loading RSA key parameters from file /Users/pablostuardo/Workspace/Diplomado-DevSecOps/laboratorio-final-PS/actions-runner/.credentials_rsaparams
[2025-01-12 14:59:37Z INFO ActionsRunServer] EstablishVssConnection
[2025-01-12 14:59:37Z INFO ActionsRunServer] Establish connection with 100 seconds timeout.
[2025-01-12 14:59:37Z INFO GitHubActionsService] Starting operation Location.GetConnectionData
[2025-01-12 14:59:38Z INFO GitHubActionsService] Finished operation Location.GetConnectionData
[2025-01-12 14:59:38Z INFO RSAFileKeyManager] Loading RSA key parameters from file /Users/pablostuardo/Workspace/Diplomado-DevSecOps/laboratorio-final-PS/actions-runner/.credentials_rsaparams
[2025-01-12 14:59:38Z INFO RSAFileKeyManager] Loading RSA key parameters from file /Users/pablostuardo/Workspace/Diplomado-DevSecOps/laboratorio-final-PS/actions-runner/.credentials_rsaparams
[2025-01-12 14:59:38Z INFO GitHubActionsService] AAD Correlation ID for this token request: Unknown
[2025-01-12 14:59:39Z INFO JobDispatcher] Job request 189 for plan 5f7027c5-1069-4745-80c3-c88d8e784547 job f0b989ea-4eca-54c3-fcdc-2f3daac7f42a received.
[2025-01-12 14:59:39Z INFO JobDispatcher] Pull OrchestrationId 5f7027c5-1069-4745-80c3-c88d8e784547.docker-run.__default from JWT claims
[2025-01-12 14:59:39Z INFO MessageListener] Received job status event. JobState: Busy
[2025-01-12 14:59:39Z INFO MessageListener] _getMessagesTokenSource is already disposed.
[2025-01-12 14:59:39Z INFO JobDispatcher] Job request f0b989ea-4eca-54c3-fcdc-2f3daac7f42a processed succeed.
[2025-01-12 14:59:39Z INFO Terminal] WRITE LINE: 2025-01-12 14:59:39Z: Running job: docker-run
[2025-01-12 14:59:39Z INFO JobDispatcher] Start renew job request 189 for job f0b989ea-4eca-54c3-fcdc-2f3daac7f42a.
[2025-01-12 14:59:39Z INFO JobDispatcher] Successfully renew job request 189, job is valid till 12-01-2025 15:09:39
[2025-01-12 14:59:39Z INFO HostContext] Well known directory 'Bin': '/Users/pablostuardo/Workspace/Diplomado-DevSecOps/laboratorio-final-PS/actions-runner/bin'
[2025-01-12 14:59:39Z INFO ProcessInvokerWrapper] Starting process:
[2025-01-12 14:59:39Z INFO ProcessInvokerWrapper]   File name: '/Users/pablostuardo/Workspace/Diplomado-DevSecOps/laboratorio-final-PS/actions-runner/bin/Runner.Worker'
[2025-01-12 14:59:39Z INFO ProcessInvokerWrapper]   Arguments: 'spawnclient 144 153'
[2025-01-12 14:59:39Z INFO ProcessInvokerWrapper]   Working directory: '/Users/pablostuardo/Workspace/Diplomado-DevSecOps/laboratorio-final-PS/actions-runner/bin'
[2025-01-12 14:59:39Z INFO ProcessInvokerWrapper]   Require exit code zero: 'False'
[2025-01-12 14:59:39Z INFO ProcessInvokerWrapper]   Encoding web name:  ; code page: ''
[2025-01-12 14:59:39Z INFO ProcessInvokerWrapper]   Force kill process on cancellation: 'True'
[2025-01-12 14:59:39Z INFO ProcessInvokerWrapper]   Redirected STDIN: 'False'
[2025-01-12 14:59:39Z INFO ProcessInvokerWrapper]   Persist current code page: 'False'
[2025-01-12 14:59:39Z INFO ProcessInvokerWrapper]   Keep redirected STDIN open: 'False'
[2025-01-12 14:59:39Z INFO ProcessInvokerWrapper]   High priority process: 'True'
[2025-01-12 14:59:39Z INFO ProcessInvokerWrapper] Process started with process id 13588, waiting for process exit.
[2025-01-12 14:59:39Z INFO JobDispatcher] Send job request message to worker for job f0b989ea-4eca-54c3-fcdc-2f3daac7f42a.
[2025-01-12 14:59:39Z INFO ProcessChannel] Sending message of length 27708, with hash 'a25a2818bdead42fda9f26def7160ad8703665197cfe882863d6741526ca9d90'
[2025-01-12 14:59:39Z INFO JobNotification] Entering JobStarted Notification
[2025-01-12 14:59:39Z INFO JobNotification] Entering StartMonitor
[2025-01-12 15:00:40Z INFO JobDispatcher] Successfully renew job request 189, job is valid till 12-01-2025 15:10:40
[2025-01-12 15:01:40Z INFO JobDispatcher] Successfully renew job request 189, job is valid till 12-01-2025 15:11:40
[2025-01-12 15:02:08Z INFO MessageListener] Message '7662690199297311061' received from session 'bf8d45e5-eb6c-4d33-81fa-6735dee0edaf'.
[2025-01-12 15:02:08Z INFO JobDispatcher] Job cancellation request f0b989ea-4eca-54c3-fcdc-2f3daac7f42a received, cancellation timeout 5 minutes.
[2025-01-12 15:02:08Z INFO JobDispatcher] Send job cancellation message to worker for job f0b989ea-4eca-54c3-fcdc-2f3daac7f42a.
[2025-01-12 15:02:08Z INFO ProcessChannel] Sending message of length 0, with hash 'e3b0c44298fc1c149afbf4c8996fb92427ae41e4649b934ca495991b7852b855'
[2025-01-12 15:02:29Z INFO ProcessInvokerWrapper] STDOUT/STDERR stream read finished.
[2025-01-12 15:02:29Z INFO ProcessInvokerWrapper] STDOUT/STDERR stream read finished.
[2025-01-12 15:02:29Z INFO ProcessInvokerWrapper] Finished process 13588 with exit code 103, and elapsed time 00:02:49.6483125.
[2025-01-12 15:02:29Z INFO JobDispatcher] finish job request for job f0b989ea-4eca-54c3-fcdc-2f3daac7f42a with result: Canceled
[2025-01-12 15:02:29Z INFO Terminal] WRITE LINE: 2025-01-12 15:02:29Z: Job docker-run completed with result: Canceled
[2025-01-12 15:02:29Z INFO JobDispatcher] Stop renew job request for job f0b989ea-4eca-54c3-fcdc-2f3daac7f42a.
[2025-01-12 15:02:29Z INFO JobDispatcher] job renew has been cancelled, stop renew job request 189.
[2025-01-12 15:02:29Z INFO JobNotification] Entering JobCompleted Notification
[2025-01-12 15:02:29Z INFO JobNotification] Entering EndMonitor
[2025-01-12 15:02:29Z INFO MessageListener] Received job status event. JobState: Online
[2025-01-12 15:04:52Z INFO MessageListener] Message '5687866078441426905' received from session 'bf8d45e5-eb6c-4d33-81fa-6735dee0edaf'.
[2025-01-12 15:04:52Z INFO ConfigurationStore] HasCredentials()
[2025-01-12 15:04:52Z INFO ConfigurationStore] stored True
[2025-01-12 15:04:52Z INFO CredentialManager] GetCredentialProvider
[2025-01-12 15:04:52Z INFO CredentialManager] Creating type OAuth
[2025-01-12 15:04:52Z INFO CredentialManager] Creating credential type: OAuth
[2025-01-12 15:04:52Z INFO RSAFileKeyManager] Loading RSA key parameters from file /Users/pablostuardo/Workspace/Diplomado-DevSecOps/laboratorio-final-PS/actions-runner/.credentials_rsaparams
[2025-01-12 15:04:52Z INFO ActionsRunServer] EstablishVssConnection
[2025-01-12 15:04:52Z INFO ActionsRunServer] Establish connection with 100 seconds timeout.
[2025-01-12 15:04:52Z INFO GitHubActionsService] Starting operation Location.GetConnectionData
[2025-01-12 15:04:52Z INFO GitHubActionsService] Finished operation Location.GetConnectionData
[2025-01-12 15:04:52Z INFO RSAFileKeyManager] Loading RSA key parameters from file /Users/pablostuardo/Workspace/Diplomado-DevSecOps/laboratorio-final-PS/actions-runner/.credentials_rsaparams
[2025-01-12 15:04:52Z INFO RSAFileKeyManager] Loading RSA key parameters from file /Users/pablostuardo/Workspace/Diplomado-DevSecOps/laboratorio-final-PS/actions-runner/.credentials_rsaparams
[2025-01-12 15:04:53Z INFO GitHubActionsService] AAD Correlation ID for this token request: Unknown
[2025-01-12 15:04:53Z INFO JobDispatcher] Job request 191 for plan cc31df43-0966-4906-870c-685c0ed022ea job f0b989ea-4eca-54c3-fcdc-2f3daac7f42a received.
[2025-01-12 15:04:53Z INFO JobDispatcher] Pull OrchestrationId cc31df43-0966-4906-870c-685c0ed022ea.docker-run.__default from JWT claims
[2025-01-12 15:04:53Z INFO MessageListener] Received job status event. JobState: Busy
[2025-01-12 15:04:53Z INFO MessageListener] _getMessagesTokenSource is already disposed.
[2025-01-12 15:04:53Z INFO JobDispatcher] Job request f0b989ea-4eca-54c3-fcdc-2f3daac7f42a processed succeed.
[2025-01-12 15:04:53Z INFO Terminal] WRITE LINE: 2025-01-12 15:04:53Z: Running job: docker-run
[2025-01-12 15:04:53Z INFO JobDispatcher] Start renew job request 191 for job f0b989ea-4eca-54c3-fcdc-2f3daac7f42a.
[2025-01-12 15:04:54Z INFO JobDispatcher] Successfully renew job request 191, job is valid till 12-01-2025 15:14:54
[2025-01-12 15:04:54Z INFO HostContext] Well known directory 'Bin': '/Users/pablostuardo/Workspace/Diplomado-DevSecOps/laboratorio-final-PS/actions-runner/bin'
[2025-01-12 15:04:54Z INFO ProcessInvokerWrapper] Starting process:
[2025-01-12 15:04:54Z INFO ProcessInvokerWrapper]   File name: '/Users/pablostuardo/Workspace/Diplomado-DevSecOps/laboratorio-final-PS/actions-runner/bin/Runner.Worker'
[2025-01-12 15:04:54Z INFO ProcessInvokerWrapper]   Arguments: 'spawnclient 144 153'
[2025-01-12 15:04:54Z INFO ProcessInvokerWrapper]   Working directory: '/Users/pablostuardo/Workspace/Diplomado-DevSecOps/laboratorio-final-PS/actions-runner/bin'
[2025-01-12 15:04:54Z INFO ProcessInvokerWrapper]   Require exit code zero: 'False'
[2025-01-12 15:04:54Z INFO ProcessInvokerWrapper]   Encoding web name:  ; code page: ''
[2025-01-12 15:04:54Z INFO ProcessInvokerWrapper]   Force kill process on cancellation: 'True'
[2025-01-12 15:04:54Z INFO ProcessInvokerWrapper]   Redirected STDIN: 'False'
[2025-01-12 15:04:54Z INFO ProcessInvokerWrapper]   Persist current code page: 'False'
[2025-01-12 15:04:54Z INFO ProcessInvokerWrapper]   Keep redirected STDIN open: 'False'
[2025-01-12 15:04:54Z INFO ProcessInvokerWrapper]   High priority process: 'True'
[2025-01-12 15:04:54Z INFO ProcessInvokerWrapper] Process started with process id 21087, waiting for process exit.
[2025-01-12 15:04:54Z INFO JobDispatcher] Send job request message to worker for job f0b989ea-4eca-54c3-fcdc-2f3daac7f42a.
[2025-01-12 15:04:54Z INFO ProcessChannel] Sending message of length 27708, with hash 'aeecd3b988810432af9a3b1456eb436f00dbe0c3156f9df5d01d3d519a9fc238'
[2025-01-12 15:04:54Z INFO JobNotification] Entering JobStarted Notification
[2025-01-12 15:04:54Z INFO JobNotification] Entering StartMonitor
[2025-01-12 15:05:54Z INFO JobDispatcher] Successfully renew job request 191, job is valid till 12-01-2025 15:15:54
[2025-01-12 15:06:54Z INFO JobDispatcher] Successfully renew job request 191, job is valid till 12-01-2025 15:16:54
[2025-01-12 15:07:54Z INFO JobDispatcher] Successfully renew job request 191, job is valid till 12-01-2025 15:17:54
[2025-01-12 15:08:18Z INFO MessageListener] Message '5629748011449427269' received from session 'bf8d45e5-eb6c-4d33-81fa-6735dee0edaf'.
[2025-01-12 15:08:18Z INFO JobDispatcher] Job cancellation request f0b989ea-4eca-54c3-fcdc-2f3daac7f42a received, cancellation timeout 5 minutes.
[2025-01-12 15:08:18Z INFO JobDispatcher] Send job cancellation message to worker for job f0b989ea-4eca-54c3-fcdc-2f3daac7f42a.
[2025-01-12 15:08:18Z INFO ProcessChannel] Sending message of length 0, with hash 'e3b0c44298fc1c149afbf4c8996fb92427ae41e4649b934ca495991b7852b855'
[2025-01-12 15:08:38Z INFO ProcessInvokerWrapper] STDOUT/STDERR stream read finished.
[2025-01-12 15:08:38Z INFO ProcessInvokerWrapper] STDOUT/STDERR stream read finished.
[2025-01-12 15:08:38Z INFO ProcessInvokerWrapper] Finished process 21087 with exit code 103, and elapsed time 00:03:44.2584620.
[2025-01-12 15:08:38Z INFO JobDispatcher] finish job request for job f0b989ea-4eca-54c3-fcdc-2f3daac7f42a with result: Canceled
[2025-01-12 15:08:38Z INFO Terminal] WRITE LINE: 2025-01-12 15:08:38Z: Job docker-run completed with result: Canceled
[2025-01-12 15:08:38Z INFO JobDispatcher] Stop renew job request for job f0b989ea-4eca-54c3-fcdc-2f3daac7f42a.
[2025-01-12 15:08:38Z INFO JobDispatcher] job renew has been cancelled, stop renew job request 191.
[2025-01-12 15:08:38Z INFO JobNotification] Entering JobCompleted Notification
[2025-01-12 15:08:38Z INFO JobNotification] Entering EndMonitor
[2025-01-12 15:08:38Z INFO MessageListener] Received job status event. JobState: Online
[2025-01-12 15:09:48Z INFO MessageListener] Message '337934276262702465' received from session 'bf8d45e5-eb6c-4d33-81fa-6735dee0edaf'.
[2025-01-12 15:09:48Z INFO ConfigurationStore] HasCredentials()
[2025-01-12 15:09:48Z INFO ConfigurationStore] stored True
[2025-01-12 15:09:48Z INFO CredentialManager] GetCredentialProvider
[2025-01-12 15:09:48Z INFO CredentialManager] Creating type OAuth
[2025-01-12 15:09:48Z INFO CredentialManager] Creating credential type: OAuth
[2025-01-12 15:09:48Z INFO RSAFileKeyManager] Loading RSA key parameters from file /Users/pablostuardo/Workspace/Diplomado-DevSecOps/laboratorio-final-PS/actions-runner/.credentials_rsaparams
[2025-01-12 15:09:48Z INFO ActionsRunServer] EstablishVssConnection
[2025-01-12 15:09:48Z INFO ActionsRunServer] Establish connection with 100 seconds timeout.
[2025-01-12 15:09:48Z INFO GitHubActionsService] Starting operation Location.GetConnectionData
[2025-01-12 15:09:48Z INFO GitHubActionsService] Finished operation Location.GetConnectionData
[2025-01-12 15:09:49Z INFO RSAFileKeyManager] Loading RSA key parameters from file /Users/pablostuardo/Workspace/Diplomado-DevSecOps/laboratorio-final-PS/actions-runner/.credentials_rsaparams
[2025-01-12 15:09:49Z INFO RSAFileKeyManager] Loading RSA key parameters from file /Users/pablostuardo/Workspace/Diplomado-DevSecOps/laboratorio-final-PS/actions-runner/.credentials_rsaparams
[2025-01-12 15:09:49Z INFO GitHubActionsService] AAD Correlation ID for this token request: Unknown
[2025-01-12 15:09:50Z INFO JobDispatcher] Job request 193 for plan 35d3a4e4-570e-42ea-8658-67472b1945e4 job ed97c1dc-46ac-5b4b-f90b-528608e4672d received.
[2025-01-12 15:09:50Z INFO JobDispatcher] Pull OrchestrationId 35d3a4e4-570e-42ea-8658-67472b1945e4.docker-build-and-run.__default from JWT claims
[2025-01-12 15:09:50Z INFO MessageListener] Received job status event. JobState: Busy
[2025-01-12 15:09:50Z INFO MessageListener] _getMessagesTokenSource is already disposed.
[2025-01-12 15:09:50Z INFO JobDispatcher] Job request f0b989ea-4eca-54c3-fcdc-2f3daac7f42a processed succeed.
[2025-01-12 15:09:50Z INFO Terminal] WRITE LINE: 2025-01-12 15:09:50Z: Running job: docker-build-and-run
[2025-01-12 15:09:50Z INFO JobDispatcher] Start renew job request 193 for job ed97c1dc-46ac-5b4b-f90b-528608e4672d.
[2025-01-12 15:09:50Z INFO JobDispatcher] Successfully renew job request 193, job is valid till 12-01-2025 15:19:50
[2025-01-12 15:09:50Z INFO HostContext] Well known directory 'Bin': '/Users/pablostuardo/Workspace/Diplomado-DevSecOps/laboratorio-final-PS/actions-runner/bin'
[2025-01-12 15:09:50Z INFO ProcessInvokerWrapper] Starting process:
[2025-01-12 15:09:50Z INFO ProcessInvokerWrapper]   File name: '/Users/pablostuardo/Workspace/Diplomado-DevSecOps/laboratorio-final-PS/actions-runner/bin/Runner.Worker'
[2025-01-12 15:09:50Z INFO ProcessInvokerWrapper]   Arguments: 'spawnclient 144 153'
[2025-01-12 15:09:50Z INFO ProcessInvokerWrapper]   Working directory: '/Users/pablostuardo/Workspace/Diplomado-DevSecOps/laboratorio-final-PS/actions-runner/bin'
[2025-01-12 15:09:50Z INFO ProcessInvokerWrapper]   Require exit code zero: 'False'
[2025-01-12 15:09:50Z INFO ProcessInvokerWrapper]   Encoding web name:  ; code page: ''
[2025-01-12 15:09:50Z INFO ProcessInvokerWrapper]   Force kill process on cancellation: 'True'
[2025-01-12 15:09:50Z INFO ProcessInvokerWrapper]   Redirected STDIN: 'False'
[2025-01-12 15:09:50Z INFO ProcessInvokerWrapper]   Persist current code page: 'False'
[2025-01-12 15:09:50Z INFO ProcessInvokerWrapper]   Keep redirected STDIN open: 'False'
[2025-01-12 15:09:50Z INFO ProcessInvokerWrapper]   High priority process: 'True'
[2025-01-12 15:09:50Z INFO ProcessInvokerWrapper] Process started with process id 28177, waiting for process exit.
[2025-01-12 15:09:50Z INFO JobDispatcher] Send job request message to worker for job ed97c1dc-46ac-5b4b-f90b-528608e4672d.
[2025-01-12 15:09:50Z INFO ProcessChannel] Sending message of length 27925, with hash '1c68505885643e60f695454f8577fd391209fff0bf396046753efabd86c4a8bb'
[2025-01-12 15:09:50Z INFO JobNotification] Entering JobStarted Notification
[2025-01-12 15:09:50Z INFO JobNotification] Entering StartMonitor
[2025-01-12 15:10:50Z INFO JobDispatcher] Successfully renew job request 193, job is valid till 12-01-2025 15:20:50
[2025-01-12 15:11:08Z INFO ProcessInvokerWrapper] STDOUT/STDERR stream read finished.
[2025-01-12 15:11:08Z INFO ProcessInvokerWrapper] STDOUT/STDERR stream read finished.
[2025-01-12 15:11:08Z INFO ProcessInvokerWrapper] Finished process 28177 with exit code 100, and elapsed time 00:01:17.5767026.
[2025-01-12 15:11:08Z INFO JobDispatcher] Worker finished for job ed97c1dc-46ac-5b4b-f90b-528608e4672d. Code: 100
[2025-01-12 15:11:08Z INFO JobDispatcher] finish job request for job ed97c1dc-46ac-5b4b-f90b-528608e4672d with result: Succeeded
[2025-01-12 15:11:08Z INFO Terminal] WRITE LINE: 2025-01-12 15:11:08Z: Job docker-build-and-run completed with result: Succeeded
[2025-01-12 15:11:08Z INFO JobDispatcher] Stop renew job request for job ed97c1dc-46ac-5b4b-f90b-528608e4672d.
[2025-01-12 15:11:08Z INFO JobDispatcher] job renew has been cancelled, stop renew job request 193.
[2025-01-12 15:11:08Z INFO JobNotification] Entering JobCompleted Notification
[2025-01-12 15:11:08Z INFO JobNotification] Entering EndMonitor
[2025-01-12 15:11:08Z INFO MessageListener] Received job status event. JobState: Online
[2025-01-12 15:13:25Z INFO Terminal] WRITE LINE: Exiting...
[2025-01-12 15:13:25Z INFO ConfigurationStore] IsServiceConfigured()
[2025-01-12 15:13:25Z INFO ConfigurationStore] IsServiceConfigured: False
[2025-01-12 15:13:25Z INFO HostContext] Runner will be shutdown for UserCancelled
[2025-01-12 15:13:25Z WARN GitHubActionsService] GET request to https://broker.actions.githubusercontent.com/message?sessionId=bf8d45e5-eb6c-4d33-81fa-6735dee0edaf&status=Online&runnerVersion=2.321.0&os=macOS&architecture=X64&disableUpdate=false has been cancelled.
[2025-01-12 15:13:25Z ERR  BrokerServer] Catch exception during request
[2025-01-12 15:13:25Z ERR  BrokerServer] System.Threading.Tasks.TaskCanceledException: The operation was canceled.
 ---> System.Threading.Tasks.TaskCanceledException: The operation was canceled.
 ---> System.IO.IOException: The read operation failed, see inner exception.
 ---> System.ObjectDisposedException: Cannot access a disposed object.
Object name: 'System.Net.Sockets.NetworkStream'.
   at System.Net.Sockets.NetworkStream.ReadAsync(Memory`1 buffer, CancellationToken cancellationToken)
   at System.Net.Security.SslStream.EnsureFullTlsFrameAsync[TIOAdapter](CancellationToken cancellationToken, Int32 estimatedSize)
   at System.Runtime.CompilerServices.PoolingAsyncValueTaskMethodBuilder`1.StateMachineBox`1.System.Threading.Tasks.Sources.IValueTaskSource<TResult>.GetResult(Int16 token)
   at System.Net.Security.SslStream.ReadAsyncInternal[TIOAdapter](Memory`1 buffer, CancellationToken cancellationToken)
   --- End of inner exception stack trace ---
   at System.Net.Security.SslStream.ReadAsyncInternal[TIOAdapter](Memory`1 buffer, CancellationToken cancellationToken)
   at System.Runtime.CompilerServices.PoolingAsyncValueTaskMethodBuilder`1.StateMachineBox`1.System.Threading.Tasks.Sources.IValueTaskSource<TResult>.GetResult(Int16 token)
   at System.Net.Http.HttpConnection.SendAsync(HttpRequestMessage request, Boolean async, CancellationToken cancellationToken)
   --- End of inner exception stack trace ---
   at System.Net.Http.HttpConnection.SendAsync(HttpRequestMessage request, Boolean async, CancellationToken cancellationToken)
   at System.Net.Http.AuthenticationHelper.SendWithNtAuthAsync(HttpRequestMessage request, Uri authUri, Boolean async, ICredentials credentials, Boolean isProxyAuth, HttpConnection connection, HttpConnectionPool connectionPool, CancellationToken cancellationToken)
   at System.Net.Http.HttpConnectionPool.SendWithVersionDetectionAndRetryAsync(HttpRequestMessage request, Boolean async, Boolean doRequestAuth, CancellationToken cancellationToken)
   at System.Net.Http.AuthenticationHelper.SendWithAuthAsync(HttpRequestMessage request, Uri authUri, Boolean async, ICredentials credentials, Boolean preAuthenticate, Boolean isProxyAuth, Boolean doRequestAuth, HttpConnectionPool pool, CancellationToken cancellationToken)
   at System.Net.Http.RedirectHandler.SendAsync(HttpRequestMessage request, Boolean async, CancellationToken cancellationToken)
   at GitHub.Services.Common.RawHttpMessageHandler.SendAsync(HttpRequestMessage request, CancellationToken cancellationToken)
   at GitHub.Services.Common.VssHttpRetryMessageHandler.SendAsync(HttpRequestMessage request, CancellationToken cancellationToken)
   at System.Net.Http.HttpClient.<SendAsync>g__Core|83_0(HttpRequestMessage request, HttpCompletionOption completionOption, CancellationTokenSource cts, Boolean disposeCts, CancellationTokenSource pendingRequestsCts, CancellationToken originalCancellationToken)
   --- End of inner exception stack trace ---
   at System.Net.Http.HttpClient.HandleFailure(Exception e, Boolean telemetryStarted, HttpResponseMessage response, CancellationTokenSource cts, CancellationToken cancellationToken, CancellationTokenSource pendingRequestsCts)
   at System.Net.Http.HttpClient.<SendAsync>g__Core|83_0(HttpRequestMessage request, HttpCompletionOption completionOption, CancellationTokenSource cts, Boolean disposeCts, CancellationTokenSource pendingRequestsCts, CancellationToken originalCancellationToken)
   at Sdk.WebApi.WebApi.RawHttpClientBase.SendAsync(HttpRequestMessage message, HttpCompletionOption completionOption, Object userState, CancellationToken cancellationToken)
   at Sdk.WebApi.WebApi.RawHttpClientBase.SendAsync[T](HttpRequestMessage message, Boolean readErrorBody, Object userState, CancellationToken cancellationToken)
   at Sdk.WebApi.WebApi.RawHttpClientBase.SendAsync[T](HttpMethod method, IEnumerable`1 additionalHeaders, Uri requestUri, HttpContent content, IEnumerable`1 queryParameters, Boolean readErrorBody, Object userState, CancellationToken cancellationToken)
   at GitHub.Actions.RunService.WebApi.BrokerHttpClient.GetRunnerMessageAsync(Nullable`1 sessionId, String runnerVersion, Nullable`1 status, String os, String architecture, Nullable`1 disableUpdate, CancellationToken cancellationToken)
   at GitHub.Runner.Common.BrokerServer.<>c__DisplayClass7_0.<<GetRunnerMessageAsync>b__0>d.MoveNext()
--- End of stack trace from previous location ---
   at GitHub.Runner.Common.RunnerService.RetryRequest[T](Func`1 func, CancellationToken cancellationToken, Int32 maxRetryAttemptsCount, Func`2 shouldRetry)
[2025-01-12 15:13:25Z ERR  BrokerServer] #####################################################
[2025-01-12 15:13:25Z ERR  BrokerServer] System.Threading.Tasks.TaskCanceledException: The operation was canceled.
 ---> System.IO.IOException: The read operation failed, see inner exception.
 ---> System.ObjectDisposedException: Cannot access a disposed object.
Object name: 'System.Net.Sockets.NetworkStream'.
   at System.Net.Sockets.NetworkStream.ReadAsync(Memory`1 buffer, CancellationToken cancellationToken)
   at System.Net.Security.SslStream.EnsureFullTlsFrameAsync[TIOAdapter](CancellationToken cancellationToken, Int32 estimatedSize)
   at System.Runtime.CompilerServices.PoolingAsyncValueTaskMethodBuilder`1.StateMachineBox`1.System.Threading.Tasks.Sources.IValueTaskSource<TResult>.GetResult(Int16 token)
   at System.Net.Security.SslStream.ReadAsyncInternal[TIOAdapter](Memory`1 buffer, CancellationToken cancellationToken)
   --- End of inner exception stack trace ---
   at System.Net.Security.SslStream.ReadAsyncInternal[TIOAdapter](Memory`1 buffer, CancellationToken cancellationToken)
   at System.Runtime.CompilerServices.PoolingAsyncValueTaskMethodBuilder`1.StateMachineBox`1.System.Threading.Tasks.Sources.IValueTaskSource<TResult>.GetResult(Int16 token)
   at System.Net.Http.HttpConnection.SendAsync(HttpRequestMessage request, Boolean async, CancellationToken cancellationToken)
   --- End of inner exception stack trace ---
   at System.Net.Http.HttpConnection.SendAsync(HttpRequestMessage request, Boolean async, CancellationToken cancellationToken)
   at System.Net.Http.AuthenticationHelper.SendWithNtAuthAsync(HttpRequestMessage request, Uri authUri, Boolean async, ICredentials credentials, Boolean isProxyAuth, HttpConnection connection, HttpConnectionPool connectionPool, CancellationToken cancellationToken)
   at System.Net.Http.HttpConnectionPool.SendWithVersionDetectionAndRetryAsync(HttpRequestMessage request, Boolean async, Boolean doRequestAuth, CancellationToken cancellationToken)
   at System.Net.Http.AuthenticationHelper.SendWithAuthAsync(HttpRequestMessage request, Uri authUri, Boolean async, ICredentials credentials, Boolean preAuthenticate, Boolean isProxyAuth, Boolean doRequestAuth, HttpConnectionPool pool, CancellationToken cancellationToken)
   at System.Net.Http.RedirectHandler.SendAsync(HttpRequestMessage request, Boolean async, CancellationToken cancellationToken)
   at GitHub.Services.Common.RawHttpMessageHandler.SendAsync(HttpRequestMessage request, CancellationToken cancellationToken)
   at GitHub.Services.Common.VssHttpRetryMessageHandler.SendAsync(HttpRequestMessage request, CancellationToken cancellationToken)
   at System.Net.Http.HttpClient.<SendAsync>g__Core|83_0(HttpRequestMessage request, HttpCompletionOption completionOption, CancellationTokenSource cts, Boolean disposeCts, CancellationTokenSource pendingRequestsCts, CancellationToken originalCancellationToken)
[2025-01-12 15:13:25Z ERR  BrokerServer] #####################################################
[2025-01-12 15:13:25Z ERR  BrokerServer] System.IO.IOException: The read operation failed, see inner exception.
 ---> System.ObjectDisposedException: Cannot access a disposed object.
Object name: 'System.Net.Sockets.NetworkStream'.
   at System.Net.Sockets.NetworkStream.ReadAsync(Memory`1 buffer, CancellationToken cancellationToken)
   at System.Net.Security.SslStream.EnsureFullTlsFrameAsync[TIOAdapter](CancellationToken cancellationToken, Int32 estimatedSize)
   at System.Runtime.CompilerServices.PoolingAsyncValueTaskMethodBuilder`1.StateMachineBox`1.System.Threading.Tasks.Sources.IValueTaskSource<TResult>.GetResult(Int16 token)
   at System.Net.Security.SslStream.ReadAsyncInternal[TIOAdapter](Memory`1 buffer, CancellationToken cancellationToken)
   --- End of inner exception stack trace ---
   at System.Net.Security.SslStream.ReadAsyncInternal[TIOAdapter](Memory`1 buffer, CancellationToken cancellationToken)
   at System.Runtime.CompilerServices.PoolingAsyncValueTaskMethodBuilder`1.StateMachineBox`1.System.Threading.Tasks.Sources.IValueTaskSource<TResult>.GetResult(Int16 token)
   at System.Net.Http.HttpConnection.SendAsync(HttpRequestMessage request, Boolean async, CancellationToken cancellationToken)
[2025-01-12 15:13:25Z ERR  BrokerServer] #####################################################
[2025-01-12 15:13:25Z ERR  BrokerServer] System.ObjectDisposedException: Cannot access a disposed object.
Object name: 'System.Net.Sockets.NetworkStream'.
   at System.Net.Sockets.NetworkStream.ReadAsync(Memory`1 buffer, CancellationToken cancellationToken)
   at System.Net.Security.SslStream.EnsureFullTlsFrameAsync[TIOAdapter](CancellationToken cancellationToken, Int32 estimatedSize)
   at System.Runtime.CompilerServices.PoolingAsyncValueTaskMethodBuilder`1.StateMachineBox`1.System.Threading.Tasks.Sources.IValueTaskSource<TResult>.GetResult(Int16 token)
   at System.Net.Security.SslStream.ReadAsyncInternal[TIOAdapter](Memory`1 buffer, CancellationToken cancellationToken)
[2025-01-12 15:13:25Z WARN BrokerServer] Back off 14,998 seconds before next retry. 4 attempt left.
[2025-01-12 15:13:25Z INFO MessageListener] Get next message has been cancelled.
[2025-01-12 15:13:25Z INFO JobDispatcher] Shutting down JobDispatcher. Make sure all WorkerDispatcher has finished.
[2025-01-12 15:13:25Z INFO JobDispatcher] Ensure WorkerDispatcher for job ed97c1dc-46ac-5b4b-f90b-528608e4672d run to finish, cancel any running job.
[2025-01-12 15:13:25Z INFO JobDispatcher] Job request ed97c1dc-46ac-5b4b-f90b-528608e4672d processed succeed.
[2025-01-12 15:13:25Z INFO Runner] Deleting Runner Session...
[2025-01-12 15:13:26Z INFO Listener] Runner execution been cancelled.
